<?xml version="1.0" encoding="UTF-8" ?>
<testsuite errors="0" failures="0" hostname="MacServer.private" name="com.lmc.loan.FontEndControllerTests" tests="1" time="0.116" timestamp="2011-07-05T00:19:28">
  <properties />
  <testcase classname="com.lmc.loan.FontEndControllerTests" name="testSomething" time="0.114" />
  <system-out><![CDATA[--Output from testSomething--
]]></system-out>
  <system-err><![CDATA[--Output from testSomething--
]]></system-err>
</testsuite>
