<?xml version="1.0" encoding="UTF-8" ?>
<testsuite errors="0" failures="0" hostname="MacServer.private" name="lmc.loans.FrontEndControllerTests" tests="1" time="0.042" timestamp="2011-07-05T00:19:28">
  <properties />
  <testcase classname="lmc.loans.FrontEndControllerTests" name="testSomething" time="0.04" />
  <system-out><![CDATA[--Output from testSomething--
]]></system-out>
  <system-err><![CDATA[--Output from testSomething--
]]></system-err>
</testsuite>
